#
# There is insufficient memory for the Java Runtime Environment to continue.
# Native memory allocation (mmap) failed to map 65536 bytes for Failed to commit metaspace.
# Possible reasons:
#   The system is out of physical RAM or swap space
#   The process is running with CompressedOops enabled, and the Java Heap may be blocking the growth of the native heap
# Possible solutions:
#   Reduce memory load on the system
#   Increase physical memory or swap space
#   Check if swap backing store is full
#   Decrease Java heap size (-Xmx/-Xms)
#   Decrease number of Java threads
#   Decrease Java thread stack sizes (-Xss)
#   Set larger code cache with -XX:ReservedCodeCacheSize=
#   JVM is running with Unscaled Compressed Oops mode in which the Java heap is
#     placed in the first 4GB address space. The Java Heap base address is the
#     maximum limit for the native heap growth. Please use -XX:HeapBaseMinAddress
#     to set the Java Heap base and to place the Java Heap above 4GB virtual address.
# This output file may be truncated or incomplete.
#
#  Out of Memory Error (virtualSpaceNode.cpp:112), pid=12016, tid=3020
#
# JRE version: Java(TM) SE Runtime Environment (21.0.2+13) (build 21.0.2+13-LTS-58)
# Java VM: Java HotSpot(TM) 64-Bit Server VM (21.0.2+13-LTS-58, mixed mode, sharing, tiered, compressed oops, compressed class ptrs, g1 gc, windows-amd64)
# No core dump will be written. Minidumps are not enabled by default on client versions of Windows
#

---------------  S U M M A R Y ------------

Command Line: -XX:+ShowCodeDetailsInExceptionMessages AnimatedRectangle

Host: Intel(R) Core(TM) i5-8250U CPU @ 1.60GHz, 8 cores, 7G,  Windows 11 , 64 bit Build 22621 (10.0.22621.3235)
Time: Wed Apr 17 14:01:21 2024 E. Africa Standard Time elapsed time: 0.349643 seconds (0d 0h 0m 0s)

---------------  T H R E A D  ---------------

Current thread (0x0000023f8beb6ea0):  JavaThread "main"             [_thread_in_vm, id=3020, stack(0x00000050fac00000,0x00000050fad00000) (1024K)]

Stack: [0x00000050fac00000,0x00000050fad00000]
Native frames: (J=compiled Java code, j=interpreted, Vv=VM code, C=native code)
V  [jvm.dll+0x6cade9]
V  [jvm.dll+0x8569c1]
V  [jvm.dll+0x858d2e]
V  [jvm.dll+0x859413]
V  [jvm.dll+0x280e56]
V  [jvm.dll+0x8526ee]
V  [jvm.dll+0x66e705]
V  [jvm.dll+0x66e76a]
V  [jvm.dll+0x670f96]
V  [jvm.dll+0x670e62]
V  [jvm.dll+0x66f0de]
V  [jvm.dll+0x26b47f]
V  [jvm.dll+0x679305]
V  [jvm.dll+0x217b73]
V  [jvm.dll+0x2180b5]
V  [jvm.dll+0x218ad1]
V  [jvm.dll+0x20dd9e]
V  [jvm.dll+0x5ad3dc]
V  [jvm.dll+0x21f76a]
V  [jvm.dll+0x7cec21]
V  [jvm.dll+0x7cfc85]
V  [jvm.dll+0x7d0440]
V  [jvm.dll+0x218ecc]
V  [jvm.dll+0x20ddb7]
V  [jvm.dll+0x5ad3dc]
V  [jvm.dll+0x21f76a]
V  [jvm.dll+0x7cec21]
V  [jvm.dll+0x7cfc85]
V  [jvm.dll+0x7d022f]
V  [jvm.dll+0x7cfed8]
V  [jvm.dll+0x46f599]
V  [jvm.dll+0x442496]
C  [awt.dll+0x9bfad]

Java frames: (J=compiled Java code, j=interpreted, Vv=VM code)
j  java.awt.Cursor.initIDs()V+0 java.desktop@21.0.2
j  java.awt.Cursor.<clinit>()V+330 java.desktop@21.0.2
v  ~StubRoutines::call_stub 0x0000023f9da1100d
j  java.awt.Window.init(Ljava/awt/GraphicsConfiguration;)V+32 java.desktop@21.0.2
j  java.awt.Window.<init>()V+114 java.desktop@21.0.2
j  java.awt.Frame.<init>(Ljava/lang/String;)V+1 java.desktop@21.0.2
j  java.awt.Frame.<init>()V+3 java.desktop@21.0.2
j  javax.swing.JFrame.<init>()V+1 java.desktop@21.0.2
j  AnimatedRectangle.main([Ljava/lang/String;)V+4
v  ~StubRoutines::call_stub 0x0000023f9da1100d

---------------  P R O C E S S  ---------------

Threads class SMR info:
_java_thread_list=0x0000023faabc4680, length=11, elements={
0x0000023f8beb6ea0, 0x0000023faa988b40, 0x0000023faa989c10, 0x0000023faa98bc90,
0x0000023faa98e170, 0x0000023faa9933f0, 0x0000023faa99be60, 0x0000023faa99ddb0,
0x0000023faa9a9fd0, 0x0000023faac247c0, 0x0000023faac27410
}

Java Threads: ( => current thread )
=>0x0000023f8beb6ea0 JavaThread "main"                              [_thread_in_vm, id=3020, stack(0x00000050fac00000,0x00000050fad00000) (1024K)]
  0x0000023faa988b40 JavaThread "Reference Handler"          daemon [_thread_blocked, id=12612, stack(0x00000050fb400000,0x00000050fb500000) (1024K)]
  0x0000023faa989c10 JavaThread "Finalizer"                  daemon [_thread_blocked, id=12508, stack(0x00000050fb500000,0x00000050fb600000) (1024K)]
  0x0000023faa98bc90 JavaThread "Signal Dispatcher"          daemon [_thread_blocked, id=8024, stack(0x00000050fb600000,0x00000050fb700000) (1024K)]
  0x0000023faa98e170 JavaThread "Attach Listener"            daemon [_thread_blocked, id=12448, stack(0x00000050fb700000,0x00000050fb800000) (1024K)]
  0x0000023faa9933f0 JavaThread "Service Thread"             daemon [_thread_blocked, id=1652, stack(0x00000050fb800000,0x00000050fb900000) (1024K)]
  0x0000023faa99be60 JavaThread "Monitor Deflation Thread"   daemon [_thread_blocked, id=10332, stack(0x00000050fb900000,0x00000050fba00000) (1024K)]
  0x0000023faa99ddb0 JavaThread "C2 CompilerThread0"         daemon [_thread_blocked, id=13192, stack(0x00000050fba00000,0x00000050fbb00000) (1024K)]
  0x0000023faa9a9fd0 JavaThread "C1 CompilerThread0"         daemon [_thread_blocked, id=3088, stack(0x00000050fbb00000,0x00000050fbc00000) (1024K)]
  0x0000023faac247c0 JavaThread "Notification Thread"        daemon [_thread_blocked, id=10100, stack(0x00000050fbc00000,0x00000050fbd00000) (1024K)]
  0x0000023faac27410 JavaThread "Common-Cleaner"             daemon [_thread_blocked, id=6412, stack(0x00000050fbd00000,0x00000050fbe00000) (1024K)]
Total: 11

Other Threads:
  0x0000023faa968dd0 VMThread "VM Thread"                           [id=12696, stack(0x00000050fb300000,0x00000050fb400000) (1024K)]
  0x0000023faa952850 WatcherThread "VM Periodic Task Thread"        [id=8288, stack(0x00000050fb200000,0x00000050fb300000) (1024K)]
  0x0000023f8e0c9950 WorkerThread "GC Thread#0"                     [id=11272, stack(0x00000050fad00000,0x00000050fae00000) (1024K)]
  0x0000023f8e0da6a0 ConcurrentGCThread "G1 Main Marker"            [id=11588, stack(0x00000050fae00000,0x00000050faf00000) (1024K)]
  0x0000023f8e0db940 WorkerThread "G1 Conc#0"                       [id=12976, stack(0x00000050faf00000,0x00000050fb000000) (1024K)]
  0x0000023faa8244e0 ConcurrentGCThread "G1 Refine#0"               [id=13196, stack(0x00000050fb000000,0x00000050fb100000) (1024K)]
  0x0000023faa824f60 ConcurrentGCThread "G1 Service"                [id=12912, stack(0x00000050fb100000,0x00000050fb200000) (1024K)]
Total: 7

Threads with active compile tasks:
Total: 0

VM state: not at safepoint (normal execution)

VM Mutex/Monitor currently owned by a thread:  ([mutex/lock_event])
[0x00007ffdfb74ace8] Metaspace_lock - owner thread: 0x0000023f8beb6ea0

Heap address: 0x0000000082600000, size: 2010 MB, Compressed Oops mode: 32-bit

CDS archive(s) mapped at: [0x0000023fab000000-0x0000023fabc90000-0x0000023fabc90000), size 13172736, SharedBaseAddress: 0x0000023fab000000, ArchiveRelocationMode: 1.
Compressed class space mapped at: 0x0000023fac000000-0x0000023fec000000, reserved size: 1073741824
Narrow klass base: 0x0000023fab000000, Narrow klass shift: 0, Narrow klass range: 0x100000000

GC Precious Log:
 CardTable entry size: 512
 Card Set container configuration: InlinePtr #cards 5 size 8 Array Of Cards #cards 12 size 40 Howl #buckets 4 coarsen threshold 1843 Howl Bitmap #cards 512 size 80 coarsen threshold 460 Card regions per heap region 1 cards per card region 2048
 CPUs: 8 total, 8 available
 Memory: 8035M
 Large Page Support: Disabled
 NUMA Support: Disabled
 Compressed Oops: Enabled (32-bit)
 Heap Region Size: 1M
 Heap Min Capacity: 8M
 Heap Initial Capacity: 126M
 Heap Max Capacity: 2010M
 Pre-touch: Disabled
 Parallel Workers: 8
 Concurrent Workers: 2
 Concurrent Refinement Workers: 8
 Periodic GC: Disabled

Heap:
 garbage-first heap   total 129024K, used 2048K [0x0000000082600000, 0x0000000100000000)
  region size 1024K, 3 young (3072K), 0 survivors (0K)
 Metaspace       used 1655K, committed 1792K, reserved 1114112K
  class space    used 138K, committed 192K, reserved 1048576K

Heap Regions: E=young(eden), S=young(survivor), O=old, HS=humongous(starts), HC=humongous(continues), CS=collection set, F=free, TAMS=top-at-mark-start, PB=parsable bottom
|   0|0x0000000082600000, 0x0000000082600000, 0x0000000082700000|  0%| F|  |TAMS 0x0000000082600000| PB 0x0000000082600000| Untracked 
|   1|0x0000000082700000, 0x0000000082700000, 0x0000000082800000|  0%| F|  |TAMS 0x0000000082700000| PB 0x0000000082700000| Untracked 
|   2|0x0000000082800000, 0x0000000082800000, 0x0000000082900000|  0%| F|  |TAMS 0x0000000082800000| PB 0x0000000082800000| Untracked 
|   3|0x0000000082900000, 0x0000000082900000, 0x0000000082a00000|  0%| F|  |TAMS 0x0000000082900000| PB 0x0000000082900000| Untracked 
|   4|0x0000000082a00000, 0x0000000082a00000, 0x0000000082b00000|  0%| F|  |TAMS 0x0000000082a00000| PB 0x0000000082a00000| Untracked 
|   5|0x0000000082b00000, 0x0000000082b00000, 0x0000000082c00000|  0%| F|  |TAMS 0x0000000082b00000| PB 0x0000000082b00000| Untracked 
|   6|0x0000000082c00000, 0x0000000082c00000, 0x0000000082d00000|  0%| F|  |TAMS 0x0000000082c00000| PB 0x0000000082c00000| Untracked 
|   7|0x0000000082d00000, 0x0000000082d00000, 0x0000000082e00000|  0%| F|  |TAMS 0x0000000082d00000| PB 0x0000000082d00000| Untracked 
|   8|0x0000000082e00000, 0x0000000082e00000, 0x0000000082f00000|  0%| F|  |TAMS 0x0000000082e00000| PB 0x0000000082e00000| Untracked 
|   9|0x0000000082f00000, 0x0000000082f00000, 0x0000000083000000|  0%| F|  |TAMS 0x0000000082f00000| PB 0x0000000082f00000| Untracked 
|  10|0x0000000083000000, 0x0000000083000000, 0x0000000083100000|  0%| F|  |TAMS 0x0000000083000000| PB 0x0000000083000000| Untracked 
|  11|0x0000000083100000, 0x0000000083100000, 0x0000000083200000|  0%| F|  |TAMS 0x0000000083100000| PB 0x0000000083100000| Untracked 
|  12|0x0000000083200000, 0x0000000083200000, 0x0000000083300000|  0%| F|  |TAMS 0x0000000083200000| PB 0x0000000083200000| Untracked 
|  13|0x0000000083300000, 0x0000000083300000, 0x0000000083400000|  0%| F|  |TAMS 0x0000000083300000| PB 0x0000000083300000| Untracked 
|  14|0x0000000083400000, 0x0000000083400000, 0x0000000083500000|  0%| F|  |TAMS 0x0000000083400000| PB 0x0000000083400000| Untracked 
|  15|0x0000000083500000, 0x0000000083500000, 0x0000000083600000|  0%| F|  |TAMS 0x0000000083500000| PB 0x0000000083500000| Untracked 
|  16|0x0000000083600000, 0x0000000083600000, 0x0000000083700000|  0%| F|  |TAMS 0x0000000083600000| PB 0x0000000083600000| Untracked 
|  17|0x0000000083700000, 0x0000000083700000, 0x0000000083800000|  0%| F|  |TAMS 0x0000000083700000| PB 0x0000000083700000| Untracked 
|  18|0x0000000083800000, 0x0000000083800000, 0x0000000083900000|  0%| F|  |TAMS 0x0000000083800000| PB 0x0000000083800000| Untracked 
|  19|0x0000000083900000, 0x0000000083900000, 0x0000000083a00000|  0%| F|  |TAMS 0x0000000083900000| PB 0x0000000083900000| Untracked 
|  20|0x0000000083a00000, 0x0000000083a00000, 0x0000000083b00000|  0%| F|  |TAMS 0x0000000083a00000| PB 0x0000000083a00000| Untracked 
|  21|0x0000000083b00000, 0x0000000083b00000, 0x0000000083c00000|  0%| F|  |TAMS 0x0000000083b00000| PB 0x0000000083b00000| Untracked 
|  22|0x0000000083c00000, 0x0000000083c00000, 0x0000000083d00000|  0%| F|  |TAMS 0x0000000083c00000| PB 0x0000000083c00000| Untracked 
|  23|0x0000000083d00000, 0x0000000083d00000, 0x0000000083e00000|  0%| F|  |TAMS 0x0000000083d00000| PB 0x0000000083d00000| Untracked 
|  24|0x0000000083e00000, 0x0000000083e00000, 0x0000000083f00000|  0%| F|  |TAMS 0x0000000083e00000| PB 0x0000000083e00000| Untracked 
|  25|0x0000000083f00000, 0x0000000083f00000, 0x0000000084000000|  0%| F|  |TAMS 0x0000000083f00000| PB 0x0000000083f00000| Untracked 
|  26|0x0000000084000000, 0x0000000084000000, 0x0000000084100000|  0%| F|  |TAMS 0x0000000084000000| PB 0x0000000084000000| Untracked 
|  27|0x0000000084100000, 0x0000000084100000, 0x0000000084200000|  0%| F|  |TAMS 0x0000000084100000| PB 0x0000000084100000| Untracked 
|  28|0x0000000084200000, 0x0000000084200000, 0x0000000084300000|  0%| F|  |TAMS 0x0000000084200000| PB 0x0000000084200000| Untracked 
|  29|0x0000000084300000, 0x0000000084300000, 0x0000000084400000|  0%| F|  |TAMS 0x0000000084300000| PB 0x0000000084300000| Untracked 
|  30|0x0000000084400000, 0x0000000084400000, 0x0000000084500000|  0%| F|  |TAMS 0x0000000084400000| PB 0x0000000084400000| Untracked 
|  31|0x0000000084500000, 0x0000000084500000, 0x0000000084600000|  0%| F|  |TAMS 0x0000000084500000| PB 0x0000000084500000| Untracked 
|  32|0x0000000084600000, 0x0000000084600000, 0x0000000084700000|  0%| F|  |TAMS 0x0000000084600000| PB 0x0000000084600000| Untracked 
|  33|0x0000000084700000, 0x0000000084700000, 0x0000000084800000|  0%| F|  |TAMS 0x0000000084700000| PB 0x0000000084700000| Untracked 
|  34|0x0000000084800000, 0x0000000084800000, 0x0000000084900000|  0%| F|  |TAMS 0x0000000084800000| PB 0x0000000084800000| Untracked 
|  35|0x0000000084900000, 0x0000000084900000, 0x0000000084a00000|  0%| F|  |TAMS 0x0000000084900000| PB 0x0000000084900000| Untracked 
|  36|0x0000000084a00000, 0x0000000084a00000, 0x0000000084b00000|  0%| F|  |TAMS 0x0000000084a00000| PB 0x0000000084a00000| Untracked 
|  37|0x0000000084b00000, 0x0000000084b00000, 0x0000000084c00000|  0%| F|  |TAMS 0x0000000084b00000| PB 0x0000000084b00000| Untracked 
|  38|0x0000000084c00000, 0x0000000084c00000, 0x0000000084d00000|  0%| F|  |TAMS 0x0000000084c00000| PB 0x0000000084c00000| Untracked 
|  39|0x0000000084d00000, 0x0000000084d00000, 0x0000000084e00000|  0%| F|  |TAMS 0x0000000084d00000| PB 0x0000000084d00000| Untracked 
|  40|0x0000000084e00000, 0x0000000084e00000, 0x0000000084f00000|  0%| F|  |TAMS 0x0000000084e00000| PB 0x0000000084e00000| Untracked 
|  41|0x0000000084f00000, 0x0000000084f00000, 0x0000000085000000|  0%| F|  |TAMS 0x0000000084f00000| PB 0x0000000084f00000| Untracked 
|  42|0x0000000085000000, 0x0000000085000000, 0x0000000085100000|  0%| F|  |TAMS 0x0000000085000000| PB 0x0000000085000000| Untracked 
|  43|0x0000000085100000, 0x0000000085100000, 0x0000000085200000|  0%| F|  |TAMS 0x0000000085100000| PB 0x0000000085100000| Untracked 
|  44|0x0000000085200000, 0x0000000085200000, 0x0000000085300000|  0%| F|  |TAMS 0x0000000085200000| PB 0x0000000085200000| Untracked 
|  45|0x0000000085300000, 0x0000000085300000, 0x0000000085400000|  0%| F|  |TAMS 0x0000000085300000| PB 0x0000000085300000| Untracked 
|  46|0x0000000085400000, 0x0000000085400000, 0x0000000085500000|  0%| F|  |TAMS 0x0000000085400000| PB 0x0000000085400000| Untracked 
|  47|0x0000000085500000, 0x0000000085500000, 0x0000000085600000|  0%| F|  |TAMS 0x0000000085500000| PB 0x0000000085500000| Untracked 
|  48|0x0000000085600000, 0x0000000085600000, 0x0000000085700000|  0%| F|  |TAMS 0x0000000085600000| PB 0x0000000085600000| Untracked 
|  49|0x0000000085700000, 0x0000000085700000, 0x0000000085800000|  0%| F|  |TAMS 0x0000000085700000| PB 0x0000000085700000| Untracked 
|  50|0x0000000085800000, 0x0000000085800000, 0x0000000085900000|  0%| F|  |TAMS 0x0000000085800000| PB 0x0000000085800000| Untracked 
|  51|0x0000000085900000, 0x0000000085900000, 0x0000000085a00000|  0%| F|  |TAMS 0x0000000085900000| PB 0x0000000085900000| Untracked 
|  52|0x0000000085a00000, 0x0000000085a00000, 0x0000000085b00000|  0%| F|  |TAMS 0x0000000085a00000| PB 0x0000000085a00000| Untracked 
|  53|0x0000000085b00000, 0x0000000085b00000, 0x0000000085c00000|  0%| F|  |TAMS 0x0000000085b00000| PB 0x0000000085b00000| Untracked 
|  54|0x0000000085c00000, 0x0000000085c00000, 0x0000000085d00000|  0%| F|  |TAMS 0x0000000085c00000| PB 0x0000000085c00000| Untracked 
|  55|0x0000000085d00000, 0x0000000085d00000, 0x0000000085e00000|  0%| F|  |TAMS 0x0000000085d00000| PB 0x0000000085d00000| Untracked 
|  56|0x0000000085e00000, 0x0000000085e00000, 0x0000000085f00000|  0%| F|  |TAMS 0x0000000085e00000| PB 0x0000000085e00000| Untracked 
|  57|0x0000000085f00000, 0x0000000085f00000, 0x0000000086000000|  0%| F|  |TAMS 0x0000000085f00000| PB 0x0000000085f00000| Untracked 
|  58|0x0000000086000000, 0x0000000086000000, 0x0000000086100000|  0%| F|  |TAMS 0x0000000086000000| PB 0x0000000086000000| Untracked 
|  59|0x0000000086100000, 0x0000000086100000, 0x0000000086200000|  0%| F|  |TAMS 0x0000000086100000| PB 0x0000000086100000| Untracked 
|  60|0x0000000086200000, 0x0000000086200000, 0x0000000086300000|  0%| F|  |TAMS 0x0000000086200000| PB 0x0000000086200000| Untracked 
|  61|0x0000000086300000, 0x0000000086300000, 0x0000000086400000|  0%| F|  |TAMS 0x0000000086300000| PB 0x0000000086300000| Untracked 
|  62|0x0000000086400000, 0x0000000086400000, 0x0000000086500000|  0%| F|  |TAMS 0x0000000086400000| PB 0x0000000086400000| Untracked 
|  63|0x0000000086500000, 0x0000000086500000, 0x0000000086600000|  0%| F|  |TAMS 0x0000000086500000| PB 0x0000000086500000| Untracked 
|  64|0x0000000086600000, 0x0000000086600000, 0x0000000086700000|  0%| F|  |TAMS 0x0000000086600000| PB 0x0000000086600000| Untracked 
|  65|0x0000000086700000, 0x0000000086700000, 0x0000000086800000|  0%| F|  |TAMS 0x0000000086700000| PB 0x0000000086700000| Untracked 
|  66|0x0000000086800000, 0x0000000086800000, 0x0000000086900000|  0%| F|  |TAMS 0x0000000086800000| PB 0x0000000086800000| Untracked 
|  67|0x0000000086900000, 0x0000000086900000, 0x0000000086a00000|  0%| F|  |TAMS 0x0000000086900000| PB 0x0000000086900000| Untracked 
|  68|0x0000000086a00000, 0x0000000086a00000, 0x0000000086b00000|  0%| F|  |TAMS 0x0000000086a00000| PB 0x0000000086a00000| Untracked 
|  69|0x0000000086b00000, 0x0000000086b00000, 0x0000000086c00000|  0%| F|  |TAMS 0x0000000086b00000| PB 0x0000000086b00000| Untracked 
|  70|0x0000000086c00000, 0x0000000086c00000, 0x0000000086d00000|  0%| F|  |TAMS 0x0000000086c00000| PB 0x0000000086c00000| Untracked 
|  71|0x0000000086d00000, 0x0000000086d00000, 0x0000000086e00000|  0%| F|  |TAMS 0x0000000086d00000| PB 0x0000000086d00000| Untracked 
|  72|0x0000000086e00000, 0x0000000086e00000, 0x0000000086f00000|  0%| F|  |TAMS 0x0000000086e00000| PB 0x0000000086e00000| Untracked 
|  73|0x0000000086f00000, 0x0000000086f00000, 0x0000000087000000|  0%| F|  |TAMS 0x0000000086f00000| PB 0x0000000086f00000| Untracked 
|  74|0x0000000087000000, 0x0000000087000000, 0x0000000087100000|  0%| F|  |TAMS 0x0000000087000000| PB 0x0000000087000000| Untracked 
|  75|0x0000000087100000, 0x0000000087100000, 0x0000000087200000|  0%| F|  |TAMS 0x0000000087100000| PB 0x0000000087100000| Untracked 
|  76|0x0000000087200000, 0x0000000087200000, 0x0000000087300000|  0%| F|  |TAMS 0x0000000087200000| PB 0x0000000087200000| Untracked 
|  77|0x0000000087300000, 0x0000000087300000, 0x0000000087400000|  0%| F|  |TAMS 0x0000000087300000| PB 0x0000000087300000| Untracked 
|  78|0x0000000087400000, 0x0000000087400000, 0x0000000087500000|  0%| F|  |TAMS 0x0000000087400000| PB 0x0000000087400000| Untracked 
|  79|0x0000000087500000, 0x0000000087500000, 0x0000000087600000|  0%| F|  |TAMS 0x0000000087500000| PB 0x0000000087500000| Untracked 
|  80|0x0000000087600000, 0x0000000087600000, 0x0000000087700000|  0%| F|  |TAMS 0x0000000087600000| PB 0x0000000087600000| Untracked 
|  81|0x0000000087700000, 0x0000000087700000, 0x0000000087800000|  0%| F|  |TAMS 0x0000000087700000| PB 0x0000000087700000| Untracked 
|  82|0x0000000087800000, 0x0000000087800000, 0x0000000087900000|  0%| F|  |TAMS 0x0000000087800000| PB 0x0000000087800000| Untracked 
|  83|0x0000000087900000, 0x0000000087900000, 0x0000000087a00000|  0%| F|  |TAMS 0x0000000087900000| PB 0x0000000087900000| Untracked 
|  84|0x0000000087a00000, 0x0000000087a00000, 0x0000000087b00000|  0%| F|  |TAMS 0x0000000087a00000| PB 0x0000000087a00000| Untracked 
|  85|0x0000000087b00000, 0x0000000087b00000, 0x0000000087c00000|  0%| F|  |TAMS 0x0000000087b00000| PB 0x0000000087b00000| Untracked 
|  86|0x0000000087c00000, 0x0000000087c00000, 0x0000000087d00000|  0%| F|  |TAMS 0x0000000087c00000| PB 0x0000000087c00000| Untracked 
|  87|0x0000000087d00000, 0x0000000087d00000, 0x0000000087e00000|  0%| F|  |TAMS 0x0000000087d00000| PB 0x0000000087d00000| Untracked 
|  88|0x0000000087e00000, 0x0000000087e00000, 0x0000000087f00000|  0%| F|  |TAMS 0x0000000087e00000| PB 0x0000000087e00000| Untracked 
|  89|0x0000000087f00000, 0x0000000087f00000, 0x0000000088000000|  0%| F|  |TAMS 0x0000000087f00000| PB 0x0000000087f00000| Untracked 
|  90|0x0000000088000000, 0x0000000088000000, 0x0000000088100000|  0%| F|  |TAMS 0x0000000088000000| PB 0x0000000088000000| Untracked 
|  91|0x0000000088100000, 0x0000000088100000, 0x0000000088200000|  0%| F|  |TAMS 0x0000000088100000| PB 0x0000000088100000| Untracked 
|  92|0x0000000088200000, 0x0000000088200000, 0x0000000088300000|  0%| F|  |TAMS 0x0000000088200000| PB 0x0000000088200000| Untracked 
|  93|0x0000000088300000, 0x0000000088300000, 0x0000000088400000|  0%| F|  |TAMS 0x0000000088300000| PB 0x0000000088300000| Untracked 
|  94|0x0000000088400000, 0x0000000088400000, 0x0000000088500000|  0%| F|  |TAMS 0x0000000088400000| PB 0x0000000088400000| Untracked 
|  95|0x0000000088500000, 0x0000000088500000, 0x0000000088600000|  0%| F|  |TAMS 0x0000000088500000| PB 0x0000000088500000| Untracked 
|  96|0x0000000088600000, 0x0000000088600000, 0x0000000088700000|  0%| F|  |TAMS 0x0000000088600000| PB 0x0000000088600000| Untracked 
|  97|0x0000000088700000, 0x0000000088700000, 0x0000000088800000|  0%| F|  |TAMS 0x0000000088700000| PB 0x0000000088700000| Untracked 
|  98|0x0000000088800000, 0x0000000088800000, 0x0000000088900000|  0%| F|  |TAMS 0x0000000088800000| PB 0x0000000088800000| Untracked 
|  99|0x0000000088900000, 0x0000000088900000, 0x0000000088a00000|  0%| F|  |TAMS 0x0000000088900000| PB 0x0000000088900000| Untracked 
| 100|0x0000000088a00000, 0x0000000088a00000, 0x0000000088b00000|  0%| F|  |TAMS 0x0000000088a00000| PB 0x0000000088a00000| Untracked 
| 101|0x0000000088b00000, 0x0000000088b00000, 0x0000000088c00000|  0%| F|  |TAMS 0x0000000088b00000| PB 0x0000000088b00000| Untracked 
| 102|0x0000000088c00000, 0x0000000088c00000, 0x0000000088d00000|  0%| F|  |TAMS 0x0000000088c00000| PB 0x0000000088c00000| Untracked 
| 103|0x0000000088d00000, 0x0000000088d00000, 0x0000000088e00000|  0%| F|  |TAMS 0x0000000088d00000| PB 0x0000000088d00000| Untracked 
| 104|0x0000000088e00000, 0x0000000088e00000, 0x0000000088f00000|  0%| F|  |TAMS 0x0000000088e00000| PB 0x0000000088e00000| Untracked 
| 105|0x0000000088f00000, 0x0000000088f00000, 0x0000000089000000|  0%| F|  |TAMS 0x0000000088f00000| PB 0x0000000088f00000| Untracked 
| 106|0x0000000089000000, 0x0000000089000000, 0x0000000089100000|  0%| F|  |TAMS 0x0000000089000000| PB 0x0000000089000000| Untracked 
| 107|0x0000000089100000, 0x0000000089100000, 0x0000000089200000|  0%| F|  |TAMS 0x0000000089100000| PB 0x0000000089100000| Untracked 
| 108|0x0000000089200000, 0x0000000089200000, 0x0000000089300000|  0%| F|  |TAMS 0x0000000089200000| PB 0x0000000089200000| Untracked 
| 109|0x0000000089300000, 0x0000000089300000, 0x0000000089400000|  0%| F|  |TAMS 0x0000000089300000| PB 0x0000000089300000| Untracked 
| 110|0x0000000089400000, 0x0000000089400000, 0x0000000089500000|  0%| F|  |TAMS 0x0000000089400000| PB 0x0000000089400000| Untracked 
| 111|0x0000000089500000, 0x0000000089500000, 0x0000000089600000|  0%| F|  |TAMS 0x0000000089500000| PB 0x0000000089500000| Untracked 
| 112|0x0000000089600000, 0x0000000089600000, 0x0000000089700000|  0%| F|  |TAMS 0x0000000089600000| PB 0x0000000089600000| Untracked 
| 113|0x0000000089700000, 0x0000000089700000, 0x0000000089800000|  0%| F|  |TAMS 0x0000000089700000| PB 0x0000000089700000| Untracked 
| 114|0x0000000089800000, 0x0000000089800000, 0x0000000089900000|  0%| F|  |TAMS 0x0000000089800000| PB 0x0000000089800000| Untracked 
| 115|0x0000000089900000, 0x0000000089900000, 0x0000000089a00000|  0%| F|  |TAMS 0x0000000089900000| PB 0x0000000089900000| Untracked 
| 116|0x0000000089a00000, 0x0000000089a00000, 0x0000000089b00000|  0%| F|  |TAMS 0x0000000089a00000| PB 0x0000000089a00000| Untracked 
| 117|0x0000000089b00000, 0x0000000089b00000, 0x0000000089c00000|  0%| F|  |TAMS 0x0000000089b00000| PB 0x0000000089b00000| Untracked 
| 118|0x0000000089c00000, 0x0000000089c00000, 0x0000000089d00000|  0%| F|  |TAMS 0x0000000089c00000| PB 0x0000000089c00000| Untracked 
| 119|0x0000000089d00000, 0x0000000089d00000, 0x0000000089e00000|  0%| F|  |TAMS 0x0000000089d00000| PB 0x0000000089d00000| Untracked 
| 120|0x0000000089e00000, 0x0000000089e00000, 0x0000000089f00000|  0%| F|  |TAMS 0x0000000089e00000| PB 0x0000000089e00000| Untracked 
| 121|0x0000000089f00000, 0x0000000089f00000, 0x000000008a000000|  0%| F|  |TAMS 0x0000000089f00000| PB 0x0000000089f00000| Untracked 
| 122|0x000000008a000000, 0x000000008a000000, 0x000000008a100000|  0%| F|  |TAMS 0x000000008a000000| PB 0x000000008a000000| Untracked 
| 123|0x000000008a100000, 0x000000008a176838, 0x000000008a200000| 46%| E|  |TAMS 0x000000008a100000| PB 0x000000008a100000| Complete 
| 124|0x000000008a200000, 0x000000008a300000, 0x000000008a300000|100%| E|CS|TAMS 0x000000008a200000| PB 0x000000008a200000| Complete 
| 125|0x000000008a300000, 0x000000008a400000, 0x000000008a400000|100%| E|CS|TAMS 0x000000008a300000| PB 0x000000008a300000| Complete 

Card table byte_map: [0x0000023fa5c10000,0x0000023fa6000000] _byte_map_base: 0x0000023fa57fd000

Marking Bits: (CMBitMap*) 0x0000023f8e0ca050
 Bits: [0x0000023fa6000000, 0x0000023fa7f68000)

Polling page: 0x0000023f8be80000

Metaspace:

Usage:
  Non-class:      1.48 MB used.
      Class:    138.32 KB used.
       Both:      1.62 MB used.

Virtual space:
  Non-class space:       64.00 MB reserved,       1.56 MB (  2%) committed,  1 nodes.
      Class space:        1.00 GB reserved,     192.00 KB ( <1%) committed,  1 nodes.
             Both:        1.06 GB reserved,       1.75 MB ( <1%) committed. 

Chunk freelists:
   Non-Class:  11.93 MB
       Class:  15.71 MB
        Both:  27.64 MB

MaxMetaspaceSize: unlimited
CompressedClassSpaceSize: 1.00 GB
Initial GC threshold: 21.00 MB
Current GC threshold: 21.00 MB
CDS: on
 - commit_granule_bytes: 65536.
 - commit_granule_words: 8192.
 - virtual_space_node_default_size: 8388608.
 - enlarge_chunks_in_place: 1.
 - use_allocation_guard: 0.


Internal statistics:

num_allocs_failed_limit: 0.
num_arena_births: 70.
num_arena_deaths: 0.
num_vsnodes_births: 2.
num_vsnodes_deaths: 0.
num_space_committed: 28.
num_space_uncommitted: 0.
num_chunks_returned_to_freelist: 0.
num_chunks_taken_from_freelist: 86.
num_chunk_merges: 0.
num_chunk_splits: 51.
num_chunks_enlarged: 15.
num_inconsistent_stats: 0.

CodeHeap 'non-profiled nmethods': size=120000Kb used=91Kb max_used=91Kb free=119908Kb
 bounds [0x0000023f9dfb0000, 0x0000023f9e220000, 0x0000023fa54e0000]
CodeHeap 'profiled nmethods': size=120000Kb used=287Kb max_used=287Kb free=119713Kb
 bounds [0x0000023f964e0000, 0x0000023f96750000, 0x0000023f9da10000]
CodeHeap 'non-nmethods': size=5760Kb used=1298Kb max_used=1313Kb free=4461Kb
 bounds [0x0000023f9da10000, 0x0000023f9dc80000, 0x0000023f9dfb0000]
 total_blobs=662 nmethods=249 adapters=318
 compilation: enabled
              stopped_count=0, restarted_count=0
 full_count=0

Compilation events (20 events):
Event: 0.321 Thread 0x0000023faa9a9fd0  230       3       jdk.internal.org.objectweb.asm.SymbolTable::addConstantUtf8Reference (101 bytes)
Event: 0.323 Thread 0x0000023faa9a9fd0 nmethod 230 0x0000023f96523890 code [0x0000023f96523ac0, 0x0000023f965240b8]
Event: 0.323 Thread 0x0000023faa9a9fd0  227       3       java.lang.invoke.LambdaForm$NamedFunction::methodType (28 bytes)
Event: 0.324 Thread 0x0000023faa9a9fd0 nmethod 227 0x0000023f96524410 code [0x0000023f965245e0, 0x0000023f96524900]
Event: 0.324 Thread 0x0000023faa9a9fd0  229       3       jdk.internal.org.objectweb.asm.SymbolTable::addConstantClass (8 bytes)
Event: 0.325 Thread 0x0000023faa9a9fd0 nmethod 229 0x0000023f96524a10 code [0x0000023f96524bc0, 0x0000023f96524d08]
Event: 0.325 Thread 0x0000023faa9a9fd0  225       3       java.lang.invoke.MethodType::makeImpl (109 bytes)
Event: 0.327 Thread 0x0000023faa9a9fd0 nmethod 225 0x0000023f96524d90 code [0x0000023f96525040, 0x0000023f96525e18]
Event: 0.327 Thread 0x0000023faa9a9fd0  239       3       java.lang.invoke.LambdaForm::argument (27 bytes)
Event: 0.328 Thread 0x0000023faa9a9fd0 nmethod 239 0x0000023f96526290 code [0x0000023f96526460, 0x0000023f965266d0]
Event: 0.328 Thread 0x0000023faa9a9fd0  228       3       java.lang.invoke.LambdaForm::parameter (38 bytes)
Event: 0.329 Thread 0x0000023faa9a9fd0 nmethod 228 0x0000023f96526810 code [0x0000023f965269c0, 0x0000023f96526b08]
Event: 0.329 Thread 0x0000023faa9a9fd0  245       3       java.lang.invoke.MethodType$ConcurrentWeakInternSet$WeakEntry::<init> (15 bytes)
Event: 0.330 Thread 0x0000023faa9a9fd0 nmethod 245 0x0000023f96526c10 code [0x0000023f96526de0, 0x0000023f965271e8]
Event: 0.330 Thread 0x0000023faa9a9fd0  246       3       jdk.internal.util.ArraysSupport::newLength (27 bytes)
Event: 0.330 Thread 0x0000023faa9a9fd0 nmethod 246 0x0000023f96527310 code [0x0000023f965274e0, 0x0000023f96527740]
Event: 0.331 Thread 0x0000023faa9a9fd0  233       1       jdk.internal.util.ClassFileDumper::isEnabled (5 bytes)
Event: 0.331 Thread 0x0000023faa9a9fd0 nmethod 233 0x0000023f9dfc6010 code [0x0000023f9dfc61a0, 0x0000023f9dfc6270]
Event: 0.331 Thread 0x0000023faa9a9fd0  249       3       java.lang.invoke.LambdaForm::parameterType (9 bytes)
Event: 0.332 Thread 0x0000023faa9a9fd0 nmethod 249 0x0000023f96527810 code [0x0000023f965279c0, 0x0000023f96527b20]

GC Heap History (0 events):
No events

Dll operation events (4 events):
Event: 0.017 Loaded shared library C:\Program Files\Java\jdk-21\bin\java.dll
Event: 0.071 Loaded shared library C:\Program Files\Java\jdk-21\bin\jsvml.dll
Event: 0.137 Loaded shared library C:\Program Files\Java\jdk-21\bin\jimage.dll
Event: 0.187 Loaded shared library C:\Program Files\Java\jdk-21\bin\awt.dll

Deoptimization events (0 events):
No events

Classes loaded (20 events):
Event: 0.313 Loading class java/awt/EventQueue$1
Event: 0.313 Loading class java/awt/EventQueue$1 done
Event: 0.313 Loading class java/awt/EventQueue$2
Event: 0.313 Loading class sun/awt/AWTAccessor$EventQueueAccessor
Event: 0.313 Loading class sun/awt/AWTAccessor$EventQueueAccessor done
Event: 0.313 Loading class java/awt/EventQueue$2 done
Event: 0.314 Loading class java/awt/EventQueue$3
Event: 0.314 Loading class java/awt/EventQueue$3 done
Event: 0.314 Loading class java/awt/Queue
Event: 0.314 Loading class java/awt/Queue done
Event: 0.332 Loading class sun/awt/MostRecentKeyValue
Event: 0.332 Loading class sun/awt/MostRecentKeyValue done
Event: 0.332 Loading class sun/awt/PostEventQueue
Event: 0.332 Loading class sun/awt/PostEventQueue done
Event: 0.333 Loading class java/util/Vector
Event: 0.333 Loading class java/util/Vector done
Event: 0.334 Loading class java/awt/Cursor
Event: 0.334 Loading class java/awt/Cursor done
Event: 0.335 Loading class java/awt/Point
Event: 0.335 Loading class java/awt/geom/Point2D

Classes unloaded (0 events):
No events

Classes redefined (0 events):
No events

Internal exceptions (3 events):
Event: 0.154 Thread 0x0000023f8beb6ea0 Exception <a 'java/lang/ClassNotFoundException'{0x000000008a24b6d0}: sun/awt/resources/spi/awtProvider> (0x000000008a24b6d0) 
thrown [s\open\src\hotspot\share\classfile\systemDictionary.cpp, line 312]
Event: 0.233 Thread 0x0000023f8beb6ea0 Exception <a 'java/io/FileNotFoundException'{0x000000008a11b560}> (0x000000008a11b560) 
thrown [s\open\src\hotspot\share\prims\jni.cpp, line 520]
Event: 0.264 Thread 0x0000023f8beb6ea0 Exception <a 'java/io/FileNotFoundException'{0x000000008a1455a8}> (0x000000008a1455a8) 
thrown [s\open\src\hotspot\share\prims\jni.cpp, line 520]

ZGC Phase Switch (0 events):
No events

VM Operations (2 events):
Event: 0.119 Executing VM operation: HandshakeAllThreads (Deoptimize)
Event: 0.119 Executing VM operation: HandshakeAllThreads (Deoptimize) done

Events (11 events):
Event: 0.043 Thread 0x0000023f8beb6ea0 Thread added: 0x0000023f8beb6ea0
Event: 0.066 Thread 0x0000023faa988b40 Thread added: 0x0000023faa988b40
Event: 0.066 Thread 0x0000023faa989c10 Thread added: 0x0000023faa989c10
Event: 0.067 Thread 0x0000023faa98bc90 Thread added: 0x0000023faa98bc90
Event: 0.067 Thread 0x0000023faa98e170 Thread added: 0x0000023faa98e170
Event: 0.067 Thread 0x0000023faa9933f0 Thread added: 0x0000023faa9933f0
Event: 0.067 Thread 0x0000023faa99be60 Thread added: 0x0000023faa99be60
Event: 0.067 Thread 0x0000023faa99ddb0 Thread added: 0x0000023faa99ddb0
Event: 0.067 Thread 0x0000023faa9a9fd0 Thread added: 0x0000023faa9a9fd0
Event: 0.103 Thread 0x0000023faac247c0 Thread added: 0x0000023faac247c0
Event: 0.110 Thread 0x0000023faac27410 Thread added: 0x0000023faac27410


Dynamic libraries:
0x00007ff66b1e0000 - 0x00007ff66b1f0000 	C:\Program Files\Java\jdk-21\bin\java.exe
0x00007ffe66590000 - 0x00007ffe667a6000 	C:\WINDOWS\SYSTEM32\ntdll.dll
0x00007ffe64cd0000 - 0x00007ffe64d94000 	C:\WINDOWS\System32\KERNEL32.DLL
0x00007ffe639f0000 - 0x00007ffe63d96000 	C:\WINDOWS\System32\KERNELBASE.dll
0x00007ffe64080000 - 0x00007ffe64191000 	C:\WINDOWS\System32\ucrtbase.dll
0x00007ffe4c860000 - 0x00007ffe4c87b000 	C:\Program Files\Java\jdk-21\bin\VCRUNTIME140.dll
0x00007ffe4c840000 - 0x00007ffe4c859000 	C:\Program Files\Java\jdk-21\bin\jli.dll
0x00007ffe66100000 - 0x00007ffe661b2000 	C:\WINDOWS\System32\ADVAPI32.dll
0x00007ffe65f60000 - 0x00007ffe66007000 	C:\WINDOWS\System32\msvcrt.dll
0x00007ffe65220000 - 0x00007ffe652c8000 	C:\WINDOWS\System32\sechost.dll
0x00007ffe64050000 - 0x00007ffe64078000 	C:\WINDOWS\System32\bcrypt.dll
0x00007ffe65db0000 - 0x00007ffe65ec5000 	C:\WINDOWS\System32\RPCRT4.dll
0x00007ffe64a90000 - 0x00007ffe64c3d000 	C:\WINDOWS\System32\USER32.dll
0x00007ffe4f2a0000 - 0x00007ffe4f533000 	C:\WINDOWS\WinSxS\amd64_microsoft.windows.common-controls_6595b64144ccf1df_6.0.22621.3235_none_270f74e173860f98\COMCTL32.dll
0x00007ffe641a0000 - 0x00007ffe641c6000 	C:\WINDOWS\System32\win32u.dll
0x00007ffe64ca0000 - 0x00007ffe64cc9000 	C:\WINDOWS\System32\GDI32.dll
0x00007ffe638d0000 - 0x00007ffe639e8000 	C:\WINDOWS\System32\gdi32full.dll
0x00007ffe641d0000 - 0x00007ffe6426a000 	C:\WINDOWS\System32\msvcp_win.dll
0x00007ffe52990000 - 0x00007ffe5299a000 	C:\WINDOWS\SYSTEM32\VERSION.dll
0x00007ffe65350000 - 0x00007ffe65381000 	C:\WINDOWS\System32\IMM32.DLL
0x00007ffe4c8b0000 - 0x00007ffe4c8bc000 	C:\Program Files\Java\jdk-21\bin\vcruntime140_1.dll
0x00007ffe4c7b0000 - 0x00007ffe4c83e000 	C:\Program Files\Java\jdk-21\bin\msvcp140.dll
0x00007ffdfab10000 - 0x00007ffdfb827000 	C:\Program Files\Java\jdk-21\bin\server\jvm.dll
0x00007ffe642e0000 - 0x00007ffe64351000 	C:\WINDOWS\System32\WS2_32.dll
0x00007ffe637a0000 - 0x00007ffe637ed000 	C:\WINDOWS\SYSTEM32\POWRPROF.dll
0x00007ffe59b90000 - 0x00007ffe59bc4000 	C:\WINDOWS\SYSTEM32\WINMM.dll
0x00007ffe636d0000 - 0x00007ffe636e3000 	C:\WINDOWS\SYSTEM32\UMPDC.dll
0x00007ffe628d0000 - 0x00007ffe628e8000 	C:\WINDOWS\SYSTEM32\kernel.appcore.dll
0x00007ffe4c7a0000 - 0x00007ffe4c7aa000 	C:\Program Files\Java\jdk-21\bin\jimage.dll
0x00007ffe5e170000 - 0x00007ffe5e3a3000 	C:\WINDOWS\SYSTEM32\DBGHELP.DLL
0x00007ffe661c0000 - 0x00007ffe66548000 	C:\WINDOWS\System32\combase.dll
0x00007ffe66020000 - 0x00007ffe660f7000 	C:\WINDOWS\System32\OLEAUT32.dll
0x00007ffe40730000 - 0x00007ffe40762000 	C:\WINDOWS\SYSTEM32\dbgcore.DLL
0x00007ffe63fd0000 - 0x00007ffe6404a000 	C:\WINDOWS\System32\bcryptPrimitives.dll
0x00007ffe4c780000 - 0x00007ffe4c79f000 	C:\Program Files\Java\jdk-21\bin\java.dll
0x00007ffe65550000 - 0x00007ffe65dad000 	C:\WINDOWS\System32\SHELL32.dll
0x00007ffe617e0000 - 0x00007ffe620d8000 	C:\WINDOWS\SYSTEM32\windows.storage.dll
0x00007ffe616a0000 - 0x00007ffe617de000 	C:\WINDOWS\SYSTEM32\wintypes.dll
0x00007ffe647e0000 - 0x00007ffe648d3000 	C:\WINDOWS\System32\SHCORE.dll
0x00007ffe64c40000 - 0x00007ffe64c9e000 	C:\WINDOWS\System32\shlwapi.dll
0x00007ffe63800000 - 0x00007ffe63826000 	C:\WINDOWS\SYSTEM32\profapi.dll
0x00007ffe4c6a0000 - 0x00007ffe4c777000 	C:\Program Files\Java\jdk-21\bin\jsvml.dll
0x00007ffe42f30000 - 0x00007ffe430bf000 	C:\Program Files\Java\jdk-21\bin\awt.dll
0x00007ffe5d7e0000 - 0x00007ffe5d877000 	C:\WINDOWS\SYSTEM32\apphelp.dll

dbghelp: loaded successfully - version: 4.0.5 - missing functions: none
symbol engine: initialized successfully - sym options: 0x614 - pdb path: .;C:\Program Files\Java\jdk-21\bin;C:\WINDOWS\SYSTEM32;C:\WINDOWS\WinSxS\amd64_microsoft.windows.common-controls_6595b64144ccf1df_6.0.22621.3235_none_270f74e173860f98;C:\Program Files\Java\jdk-21\bin\server

VM Arguments:
jvm_args: -XX:+ShowCodeDetailsInExceptionMessages 
java_command: AnimatedRectangle
java_class_path (initial): C:\Users\Administrator\AppData\Roaming\Code\User\workspaceStorage\c78e7d492c24261e1650e26b8edd71be\redhat.java\jdt_ws\Animation w Timers_a914fb1b\bin
Launcher Type: SUN_STANDARD

[Global flags]
     intx CICompilerCount                          = 4                                         {product} {ergonomic}
     uint ConcGCThreads                            = 2                                         {product} {ergonomic}
     uint G1ConcRefinementThreads                  = 8                                         {product} {ergonomic}
   size_t G1HeapRegionSize                         = 1048576                                   {product} {ergonomic}
    uintx GCDrainStackTargetSize                   = 64                                        {product} {ergonomic}
   size_t InitialHeapSize                          = 132120576                                 {product} {ergonomic}
   size_t MarkStackSize                            = 4194304                                   {product} {ergonomic}
   size_t MaxHeapSize                              = 2107637760                                {product} {ergonomic}
   size_t MaxNewSize                               = 1264582656                                {product} {ergonomic}
   size_t MinHeapDeltaBytes                        = 1048576                                   {product} {ergonomic}
   size_t MinHeapSize                              = 8388608                                   {product} {ergonomic}
    uintx NonNMethodCodeHeapSize                   = 5839372                                {pd product} {ergonomic}
    uintx NonProfiledCodeHeapSize                  = 122909434                              {pd product} {ergonomic}
    uintx ProfiledCodeHeapSize                     = 122909434                              {pd product} {ergonomic}
    uintx ReservedCodeCacheSize                    = 251658240                              {pd product} {ergonomic}
     bool SegmentedCodeCache                       = true                                      {product} {ergonomic}
     bool ShowCodeDetailsInExceptionMessages       = true                                   {manageable} {command line}
   size_t SoftMaxHeapSize                          = 2107637760                             {manageable} {ergonomic}
     bool UseCompressedOops                        = true                           {product lp64_product} {ergonomic}
     bool UseG1GC                                  = true                                      {product} {ergonomic}
     bool UseLargePagesIndividualAllocation        = false                                  {pd product} {ergonomic}

Logging:
Log output configuration:
 #0: stdout all=warning uptime,level,tags foldmultilines=false
 #1: stderr all=off uptime,level,tags foldmultilines=false

Environment Variables:
PATH=C:\Program Files\Common Files\Oracle\Java\javapath;C:\Program Files (x86)\Common Files\Oracle\Java\javapath;C:\WINDOWS\system32;C:\WINDOWS;C:\WINDOWS\System32\Wbem;C:\WINDOWS\System32\WindowsPowerShell\v1.0\;C:\WINDOWS\System32\OpenSSH\;C:\Program Files\dotnet\;C:\Program Files\Git\cmd;C:\Users\Administrator\AppData\Local\Microsoft\WindowsApps;C:\Users\Administrator\AppData\Local\Programs\Microsoft VS Code\bin;C:\MinGW\bin;C:\Users\Administrator\.dotnet\tools;C:\Users\Administrator\AppData\Local\GitHubDesktop\bin
USERNAME=Kirui
LANG=en_US.UTF-8
OS=Windows_NT
PROCESSOR_IDENTIFIER=Intel64 Family 6 Model 142 Stepping 10, GenuineIntel
TMP=C:\Users\ADMINI~1\AppData\Local\Temp
TEMP=C:\Users\ADMINI~1\AppData\Local\Temp




Periodic native trim disabled

---------------  S Y S T E M  ---------------

OS:
 Windows 11 , 64 bit Build 22621 (10.0.22621.3235)
OS uptime: 0 days 3:50 hours
Hyper-V role detected

CPU: total 8 (initial active 8) (4 cores per cpu, 2 threads per core) family 6 model 142 stepping 10 microcode 0xf4, cx8, cmov, fxsr, ht, mmx, 3dnowpref, sse, sse2, sse3, ssse3, sse4.1, sse4.2, popcnt, lzcnt, tsc, tscinvbit, avx, avx2, aes, erms, clmul, bmi1, bmi2, adx, fma, vzeroupper, clflush, clflushopt, hv, rdtscp, f16c
Processor Information for processor 0
  Max Mhz: 1800, Current Mhz: 1500, Mhz Limit: 1584
Processor Information for processor 1
  Max Mhz: 1800, Current Mhz: 1500, Mhz Limit: 1584
Processor Information for processor 2
  Max Mhz: 1800, Current Mhz: 1600, Mhz Limit: 1584
Processor Information for processor 3
  Max Mhz: 1800, Current Mhz: 1500, Mhz Limit: 1584
Processor Information for processor 4
  Max Mhz: 1800, Current Mhz: 1500, Mhz Limit: 1584
Processor Information for processor 5
  Max Mhz: 1800, Current Mhz: 1600, Mhz Limit: 1584
Processor Information for processor 6
  Max Mhz: 1800, Current Mhz: 1500, Mhz Limit: 1584
Processor Information for processor 7
  Max Mhz: 1800, Current Mhz: 1600, Mhz Limit: 1584

Memory: 4k page, system-wide physical 8035M (1943M free)
TotalPageFile size 8035M (AvailPageFile size 4M)
current process WorkingSet (physical memory assigned to process): 40M, peak: 40M
current process commit charge ("private bytes"): 209M, peak: 209M

vm_info: Java HotSpot(TM) 64-Bit Server VM (21.0.2+13-LTS-58) for windows-amd64 JRE (21.0.2+13-LTS-58), built on 2024-01-05T18:32:24Z by "mach5one" with MS VC++ 17.1 (VS2022)

END.
